[debug] [2020-10-29T01:00:28.696Z] ----------------------------------------------------------------------
[debug] [2020-10-29T01:00:28.699Z] Command:       C:\Program Files\nodejs\node.exe C:\Users\Maslz\AppData\Roaming\npm\node_modules\firebase-tools\lib\bin\firebase.js emulators:start
[debug] [2020-10-29T01:00:28.699Z] CLI Version:   8.13.1
[debug] [2020-10-29T01:00:28.700Z] Platform:      win32
[debug] [2020-10-29T01:00:28.700Z] Node Version:  v14.9.0
[debug] [2020-10-29T01:00:28.702Z] Time:          Wed Oct 28 2020 19:00:28 GMT-0600 (Central Standard Time)
[debug] [2020-10-29T01:00:28.702Z] ----------------------------------------------------------------------
[debug] [2020-10-29T01:00:28.702Z] 
[debug] [2020-10-29T01:00:28.720Z] > command requires scopes: ["email","openid","https://www.googleapis.com/auth/cloudplatformprojects.readonly","https://www.googleapis.com/auth/firebase","https://www.googleapis.com/auth/cloud-platform"]
[debug] [2020-10-29T01:00:28.722Z] > authorizing via signed-in user
[info] i  emulators: Starting emulators: functions, firestore, database, hosting {"metadata":{"emulator":{"name":"hub"},"message":"Starting emulators: functions, firestore, database, hosting"}}
[debug] [2020-10-29T01:00:28.796Z] [hub] writing locator at C:\Temp\hub-lista-lugares.json
[warn] !  functions: The following emulators are not running, calls to these services from the Functions emulator will affect production: auth, pubsub {"metadata":{"emulator":{"name":"functions"},"message":"The following emulators are not running, calls to these services from the Functions emulator will affect production: \u001b[1mauth, pubsub\u001b[22m"}}
[warn] !  Your requested "node" version "8" doesn't match your global version "14" {"metadata":{"emulator":{"name":"functions"},"message":"Your requested \"node\" version \"8\" doesn't match your global version \"14\""}}
[debug] [2020-10-29T01:00:28.817Z] defaultcredentials: writing to file C:\Users\Maslz\AppData\Roaming\firebase\dev_mariosanchez_gmail.com_application_default_credentials.json
[debug] [2020-10-29T01:00:28.819Z] Setting GAC to C:\Users\Maslz\AppData\Roaming\firebase\dev_mariosanchez_gmail.com_application_default_credentials.json {"metadata":{"emulator":{"name":"functions"},"message":"Setting GAC to C:\\Users\\Maslz\\AppData\\Roaming\\firebase\\dev_mariosanchez_gmail.com_application_default_credentials.json"}}
[debug] [2020-10-29T01:00:28.833Z] Ignoring unsupported arg: projectId {"metadata":{"emulator":{"name":"firestore"},"message":"Ignoring unsupported arg: projectId"}}
[debug] [2020-10-29T01:00:28.833Z] Ignoring unsupported arg: auto_download {"metadata":{"emulator":{"name":"firestore"},"message":"Ignoring unsupported arg: auto_download"}}
[debug] [2020-10-29T01:00:28.833Z] Starting Firestore Emulator with command {"binary":"java","args":["-Duser.language=en","-jar","C:\\Users\\Maslz\\.cache\\firebase\\emulators\\cloud-firestore-emulator-v1.11.9.jar","--host","localhost","--port",8080,"--rules","C:\\Users\\Maslz\\Desktop\\Appland\\places\\firestore.rules","--functions_emulator","localhost:5001"],"optionalArgs":["port","webchannel_port","host","rules","functions_emulator","seed_from_export"],"joinArgs":false} {"metadata":{"emulator":{"name":"firestore"},"message":"Starting Firestore Emulator with command {\"binary\":\"java\",\"args\":[\"-Duser.language=en\",\"-jar\",\"C:\\\\Users\\\\Maslz\\\\.cache\\\\firebase\\\\emulators\\\\cloud-firestore-emulator-v1.11.9.jar\",\"--host\",\"localhost\",\"--port\",8080,\"--rules\",\"C:\\\\Users\\\\Maslz\\\\Desktop\\\\Appland\\\\places\\\\firestore.rules\",\"--functions_emulator\",\"localhost:5001\"],\"optionalArgs\":[\"port\",\"webchannel_port\",\"host\",\"rules\",\"functions_emulator\",\"seed_from_export\"],\"joinArgs\":false}"}}
[info] i  firestore: Firestore Emulator logging to firestore-debug.log {"metadata":{"emulator":{"name":"firestore"},"message":"Firestore Emulator logging to \u001b[1mfirestore-debug.log\u001b[22m"}}
[debug] [2020-10-29T01:00:33.720Z] API endpoint: http://localhost: {"metadata":{"emulator":{"name":"firestore"},"message":"API endpoint: http://localhost:"}}
[debug] [2020-10-29T01:00:33.720Z] 8080
If you are using a library that supports the FIRESTORE_EMULATOR_HOST environment variable, run:

   export FIRESTORE_EMULATOR_HOST=localhost:8080

Dev App Server is now running.

 {"metadata":{"emulator":{"name":"firestore"},"message":"8080\nIf you are using a library that supports the FIRESTORE_EMULATOR_HOST environment variable, run:\r\n\n   export FIRESTORE_EMULATOR_HOST=localhost:8080\n\nDev App Server is now running.\n\r\n"}}
[debug] [2020-10-29T01:00:33.929Z] database rules config:  [{"instance":"lista-lugares","rules":"C:\\Users\\Maslz\\Desktop\\Appland\\places\\database.rules.json"}]
[debug] [2020-10-29T01:00:33.938Z] Ignoring unsupported arg: projectId {"metadata":{"emulator":{"name":"database"},"message":"Ignoring unsupported arg: projectId"}}
[debug] [2020-10-29T01:00:33.938Z] Ignoring unsupported arg: auto_download {"metadata":{"emulator":{"name":"database"},"message":"Ignoring unsupported arg: auto_download"}}
[debug] [2020-10-29T01:00:33.939Z] Ignoring unsupported arg: rules {"metadata":{"emulator":{"name":"database"},"message":"Ignoring unsupported arg: rules"}}
[debug] [2020-10-29T01:00:33.939Z] Starting Database Emulator with command {"binary":"java","args":["-Duser.language=en","-jar","C:\\Users\\Maslz\\.cache\\firebase\\emulators\\firebase-database-emulator-v4.6.0.jar","--host","localhost","--port",9000,"--functions_emulator_host","localhost","--functions_emulator_port",5001],"optionalArgs":["port","host","functions_emulator_port","functions_emulator_host"],"joinArgs":false} {"metadata":{"emulator":{"name":"database"},"message":"Starting Database Emulator with command {\"binary\":\"java\",\"args\":[\"-Duser.language=en\",\"-jar\",\"C:\\\\Users\\\\Maslz\\\\.cache\\\\firebase\\\\emulators\\\\firebase-database-emulator-v4.6.0.jar\",\"--host\",\"localhost\",\"--port\",9000,\"--functions_emulator_host\",\"localhost\",\"--functions_emulator_port\",5001],\"optionalArgs\":[\"port\",\"host\",\"functions_emulator_port\",\"functions_emulator_host\"],\"joinArgs\":false}"}}
[info] i  database: Database Emulator logging to database-debug.log {"metadata":{"emulator":{"name":"database"},"message":"Database Emulator logging to \u001b[1mdatabase-debug.log\u001b[22m"}}
[debug] [2020-10-29T01:00:36.144Z] WARNING: An illegal reflective access operation has occurred
WARNING: Illegal reflective access by io.netty.util.internal.ReflectionUtil (file:/C:/Users/Maslz/.cache/firebase/emulators/firebase-database-emulator-v4.6.0.jar) to field sun.nio.ch.SelectorImpl.selectedKeys
WARNING: Please consider reporting this to the maintainers of io.netty.util.internal.ReflectionUtil
WARNING: Use --illegal-access=warn to enable warnings of further illegal reflective access operations
WARNING: All illegal access operations will be denied in a future release
 {"metadata":{"emulator":{"name":"database"},"message":"WARNING: An illegal reflective access operation has occurred\r\nWARNING: Illegal reflective access by io.netty.util.internal.ReflectionUtil (file:/C:/Users/Maslz/.cache/firebase/emulators/firebase-database-emulator-v4.6.0.jar) to field sun.nio.ch.SelectorImpl.selectedKeys\r\nWARNING: Please consider reporting this to the maintainers of io.netty.util.internal.ReflectionUtil\r\nWARNING: Use --illegal-access=warn to enable warnings of further illegal reflective access operations\r\nWARNING: All illegal access operations will be denied in a future release\r\n"}}
[debug] [2020-10-29T01:00:37.821Z] 19:00:37.818 [NamespaceSystem-akka.actor.default-dispatcher-5] INFO akka.event.slf4j.Slf4jLogger - Slf4jLogger started
 {"metadata":{"emulator":{"name":"database"},"message":"19:00:37.818 [NamespaceSystem-akka.actor.default-dispatcher-5] INFO akka.event.slf4j.Slf4jLogger - Slf4jLogger started\r\n"}}
[debug] [2020-10-29T01:00:38.165Z] 19:00:38.165 [main] INFO com.firebase.server.forge.App$ - Listening at localhost:9000
 {"metadata":{"emulator":{"name":"database"},"message":"19:00:38.165 [main] INFO com.firebase.server.forge.App$ - Listening at localhost:9000\r\n"}}
[debug] [2020-10-29T01:00:39.312Z] > refreshing access token with scopes: ["email","https://www.googleapis.com/auth/cloud-platform","https://www.googleapis.com/auth/cloudplatformprojects.readonly","https://www.googleapis.com/auth/firebase","openid"]
[debug] [2020-10-29T01:00:39.312Z] >>> HTTP REQUEST POST https://www.googleapis.com/oauth2/v3/token  
 <request body omitted>
[debug] [2020-10-29T01:00:39.572Z] <<< HTTP RESPONSE 200 {"cache-control":"no-cache, no-store, max-age=0, must-revalidate","expires":"Mon, 01 Jan 1990 00:00:00 GMT","pragma":"no-cache","date":"Thu, 29 Oct 2020 01:00:38 GMT","content-type":"application/json; charset=utf-8","vary":"X-Origin, Referer, Origin,Accept-Encoding","server":"scaffolding on HTTPServer2","x-xss-protection":"0","x-frame-options":"SAMEORIGIN","x-content-type-options":"nosniff","alt-svc":"h3-Q050=\":443\"; ma=2592000,h3-29=\":443\"; ma=2592000,h3-T051=\":443\"; ma=2592000,h3-T050=\":443\"; ma=2592000,h3-Q046=\":443\"; ma=2592000,h3-Q043=\":443\"; ma=2592000,quic=\":443\"; ma=2592000; v=\"46,43\"","accept-ranges":"none","transfer-encoding":"chunked"}
[debug] [2020-10-29T01:00:39.580Z] >>> HTTP REQUEST GET https://firebase.googleapis.com/v1beta1/projects/lista-lugares/webApps/-/config  
 
[debug] [2020-10-29T01:00:40.237Z] <<< HTTP RESPONSE 200 {"content-type":"application/json; charset=UTF-8","vary":"X-Origin, Referer, Origin,Accept-Encoding","date":"Thu, 29 Oct 2020 01:00:39 GMT","server":"ESF","cache-control":"private","x-xss-protection":"0","x-frame-options":"SAMEORIGIN","x-content-type-options":"nosniff","alt-svc":"h3-Q050=\":443\"; ma=2592000,h3-29=\":443\"; ma=2592000,h3-T051=\":443\"; ma=2592000,h3-T050=\":443\"; ma=2592000,h3-Q046=\":443\"; ma=2592000,h3-Q043=\":443\"; ma=2592000,quic=\":443\"; ma=2592000; v=\"46,43\"","accept-ranges":"none","transfer-encoding":"chunked"}
[info] i  hosting: Serving hosting files from: public {"metadata":{"emulator":{"name":"hosting"},"message":"Serving hosting files from: \u001b[1mpublic\u001b[22m"}}
[info] +  hosting: Local server: http://localhost:5000 {"metadata":{"emulator":{"name":"hosting"},"message":"Local server: \u001b[4m\u001b[1mhttp://localhost:5000\u001b[22m\u001b[24m"}}
[debug] [2020-10-29T01:00:40.305Z] Ignoring unsupported arg: auto_download {"metadata":{"emulator":{"name":"ui"},"message":"Ignoring unsupported arg: auto_download"}}
[debug] [2020-10-29T01:00:40.306Z] Ignoring unsupported arg: port {"metadata":{"emulator":{"name":"ui"},"message":"Ignoring unsupported arg: port"}}
[debug] [2020-10-29T01:00:40.306Z] Starting Emulator UI with command {"binary":"node","args":["C:\\Users\\Maslz\\.cache\\firebase\\emulators\\ui-v1.1.1\\server.bundle.js"],"optionalArgs":[],"joinArgs":false} {"metadata":{"emulator":{"name":"ui"},"message":"Starting Emulator UI with command {\"binary\":\"node\",\"args\":[\"C:\\\\Users\\\\Maslz\\\\.cache\\\\firebase\\\\emulators\\\\ui-v1.1.1\\\\server.bundle.js\"],\"optionalArgs\":[],\"joinArgs\":false}"}}
[info] i  ui: Emulator UI logging to ui-debug.log {"metadata":{"emulator":{"name":"ui"},"message":"Emulator UI logging to \u001b[1mui-debug.log\u001b[22m"}}
[debug] [2020-10-29T01:00:40.917Z] Web / API server started at http://localhost:4000
 {"metadata":{"emulator":{"name":"ui"},"message":"Web / API server started at http://localhost:4000\n"}}
[info] i  functions: Watching "C:\Users\Maslz\Desktop\Appland\places\functions" for Cloud Functions... {"metadata":{"emulator":{"name":"functions"},"message":"Watching \"C:\\Users\\Maslz\\Desktop\\Appland\\places\\functions\" for Cloud Functions..."}}
[debug] [2020-10-29T01:00:41.479Z] [worker-pool] addWorker(~diagnostic~) {"metadata":{"emulator":{"name":"functions"},"message":"[worker-pool] addWorker(~diagnostic~)"}}
[debug] [2020-10-29T01:00:41.479Z] [worker-pool] Adding worker with key ~diagnostic~, total=1 {"metadata":{"emulator":{"name":"functions"},"message":"[worker-pool] Adding worker with key ~diagnostic~, total=1"}}
[debug] [2020-10-29T01:00:41.480Z] [worker-pool] submitWork(triggerId=) {"metadata":{"emulator":{"name":"functions"},"message":"[worker-pool] submitWork(triggerId=)"}}
[debug] [2020-10-29T01:00:41.480Z] [worker-~diagnostic~-843c47db-2807-451a-bcd4-e4ae5f018756]: Assigning socketPath: \\?\pipe\C:\Users\Maslz\Desktop\Appland\places\functions\4008 {"metadata":{"emulator":{"name":"functions"},"message":"[worker-~diagnostic~-843c47db-2807-451a-bcd4-e4ae5f018756]: Assigning socketPath: \\\\?\\pipe\\C:\\Users\\Maslz\\Desktop\\Appland\\places\\functions\\4008"}}
[debug] [2020-10-29T01:00:41.481Z] [worker-~diagnostic~-843c47db-2807-451a-bcd4-e4ae5f018756]: BUSY {"metadata":{"emulator":{"name":"functions"},"message":"[worker-~diagnostic~-843c47db-2807-451a-bcd4-e4ae5f018756]: BUSY"}}
[debug] [2020-10-29T01:00:42.342Z] [runtime-status] [4008] Functions runtime initialized. {"cwd":"C:\\Users\\Maslz\\Desktop\\Appland\\places\\functions","node_version":"14.9.0"} {"metadata":{"emulator":{"name":"functions"},"message":"[runtime-status] [4008] Functions runtime initialized. {\"cwd\":\"C:\\\\Users\\\\Maslz\\\\Desktop\\\\Appland\\\\places\\\\functions\",\"node_version\":\"14.9.0\"}"}}
[debug] [2020-10-29T01:00:42.348Z] [runtime-status] [4008] Disabled runtime features: undefined {"metadata":{"emulator":{"name":"functions"},"message":"[runtime-status] [4008] Disabled runtime features: undefined"}}
[debug] [2020-10-29T01:00:42.357Z] [runtime-status] [4008] Resolved module firebase-admin {"declared":true,"installed":true,"version":"8.13.0","resolution":"C:\\Users\\Maslz\\Desktop\\Appland\\places\\functions\\node_modules\\firebase-admin\\lib\\index.js"} {"metadata":{"emulator":{"name":"functions"},"message":"[runtime-status] [4008] Resolved module firebase-admin {\"declared\":true,\"installed\":true,\"version\":\"8.13.0\",\"resolution\":\"C:\\\\Users\\\\Maslz\\\\Desktop\\\\Appland\\\\places\\\\functions\\\\node_modules\\\\firebase-admin\\\\lib\\\\index.js\"}"}}
[debug] [2020-10-29T01:00:42.360Z] [runtime-status] [4008] Resolved module firebase-functions {"declared":true,"installed":true,"version":"3.11.0","resolution":"C:\\Users\\Maslz\\Desktop\\Appland\\places\\functions\\node_modules\\firebase-functions\\lib\\index.js"} {"metadata":{"emulator":{"name":"functions"},"message":"[runtime-status] [4008] Resolved module firebase-functions {\"declared\":true,\"installed\":true,\"version\":\"3.11.0\",\"resolution\":\"C:\\\\Users\\\\Maslz\\\\Desktop\\\\Appland\\\\places\\\\functions\\\\node_modules\\\\firebase-functions\\\\lib\\\\index.js\"}"}}
[debug] [2020-10-29T01:00:42.364Z] [runtime-status] [4008] Resolved module firebase-functions {"declared":true,"installed":true,"version":"3.11.0","resolution":"C:\\Users\\Maslz\\Desktop\\Appland\\places\\functions\\node_modules\\firebase-functions\\lib\\index.js"} {"metadata":{"emulator":{"name":"functions"},"message":"[runtime-status] [4008] Resolved module firebase-functions {\"declared\":true,\"installed\":true,\"version\":\"3.11.0\",\"resolution\":\"C:\\\\Users\\\\Maslz\\\\Desktop\\\\Appland\\\\places\\\\functions\\\\node_modules\\\\firebase-functions\\\\lib\\\\index.js\"}"}}
[debug] [2020-10-29T01:00:42.366Z] [runtime-status] [4008] Outgoing network have been stubbed. [{"name":"http","status":"mocked"},{"name":"http","status":"mocked"},{"name":"https","status":"mocked"},{"name":"https","status":"mocked"},{"name":"net","status":"mocked"}] {"metadata":{"emulator":{"name":"functions"},"message":"[runtime-status] [4008] Outgoing network have been stubbed. [{\"name\":\"http\",\"status\":\"mocked\"},{\"name\":\"http\",\"status\":\"mocked\"},{\"name\":\"https\",\"status\":\"mocked\"},{\"name\":\"https\",\"status\":\"mocked\"},{\"name\":\"net\",\"status\":\"mocked\"}]"}}
[debug] [2020-10-29T01:00:42.369Z] [runtime-status] [4008] Resolved module firebase-functions {"declared":true,"installed":true,"version":"3.11.0","resolution":"C:\\Users\\Maslz\\Desktop\\Appland\\places\\functions\\node_modules\\firebase-functions\\lib\\index.js"} {"metadata":{"emulator":{"name":"functions"},"message":"[runtime-status] [4008] Resolved module firebase-functions {\"declared\":true,\"installed\":true,\"version\":\"3.11.0\",\"resolution\":\"C:\\\\Users\\\\Maslz\\\\Desktop\\\\Appland\\\\places\\\\functions\\\\node_modules\\\\firebase-functions\\\\lib\\\\index.js\"}"}}
[debug] [2020-10-29T01:00:42.447Z] [runtime-status] [4008] Checked functions.config() {"config":{}} {"metadata":{"emulator":{"name":"functions"},"message":"[runtime-status] [4008] Checked functions.config() {\"config\":{}}"}}
[debug] [2020-10-29T01:00:42.447Z] [runtime-status] [4008] firebase-functions has been stubbed. {"functionsResolution":{"declared":true,"installed":true,"version":"3.11.0","resolution":"C:\\Users\\Maslz\\Desktop\\Appland\\places\\functions\\node_modules\\firebase-functions\\lib\\index.js"}} {"metadata":{"emulator":{"name":"functions"},"message":"[runtime-status] [4008] firebase-functions has been stubbed. {\"functionsResolution\":{\"declared\":true,\"installed\":true,\"version\":\"3.11.0\",\"resolution\":\"C:\\\\Users\\\\Maslz\\\\Desktop\\\\Appland\\\\places\\\\functions\\\\node_modules\\\\firebase-functions\\\\lib\\\\index.js\"}}"}}
[debug] [2020-10-29T01:00:42.449Z] [runtime-status] [4008] Resolved module firebase-functions {"declared":true,"installed":true,"version":"3.11.0","resolution":"C:\\Users\\Maslz\\Desktop\\Appland\\places\\functions\\node_modules\\firebase-functions\\lib\\index.js"} {"metadata":{"emulator":{"name":"functions"},"message":"[runtime-status] [4008] Resolved module firebase-functions {\"declared\":true,\"installed\":true,\"version\":\"3.11.0\",\"resolution\":\"C:\\\\Users\\\\Maslz\\\\Desktop\\\\Appland\\\\places\\\\functions\\\\node_modules\\\\firebase-functions\\\\lib\\\\index.js\"}"}}
[debug] [2020-10-29T01:00:42.452Z] [runtime-status] [4008] Resolved module firebase-admin {"declared":true,"installed":true,"version":"8.13.0","resolution":"C:\\Users\\Maslz\\Desktop\\Appland\\places\\functions\\node_modules\\firebase-admin\\lib\\index.js"} {"metadata":{"emulator":{"name":"functions"},"message":"[runtime-status] [4008] Resolved module firebase-admin {\"declared\":true,\"installed\":true,\"version\":\"8.13.0\",\"resolution\":\"C:\\\\Users\\\\Maslz\\\\Desktop\\\\Appland\\\\places\\\\functions\\\\node_modules\\\\firebase-admin\\\\lib\\\\index.js\"}"}}
[debug] [2020-10-29T01:00:42.454Z] [runtime-status] [4008] Resolved module firebase-functions {"declared":true,"installed":true,"version":"3.11.0","resolution":"C:\\Users\\Maslz\\Desktop\\Appland\\places\\functions\\node_modules\\firebase-functions\\lib\\index.js"} {"metadata":{"emulator":{"name":"functions"},"message":"[runtime-status] [4008] Resolved module firebase-functions {\"declared\":true,\"installed\":true,\"version\":\"3.11.0\",\"resolution\":\"C:\\\\Users\\\\Maslz\\\\Desktop\\\\Appland\\\\places\\\\functions\\\\node_modules\\\\firebase-functions\\\\lib\\\\index.js\"}"}}
[debug] [2020-10-29T01:00:42.454Z] [runtime-status] [4008] firebase-admin has been stubbed. {"adminResolution":{"declared":true,"installed":true,"version":"8.13.0","resolution":"C:\\Users\\Maslz\\Desktop\\Appland\\places\\functions\\node_modules\\firebase-admin\\lib\\index.js"}} {"metadata":{"emulator":{"name":"functions"},"message":"[runtime-status] [4008] firebase-admin has been stubbed. {\"adminResolution\":{\"declared\":true,\"installed\":true,\"version\":\"8.13.0\",\"resolution\":\"C:\\\\Users\\\\Maslz\\\\Desktop\\\\Appland\\\\places\\\\functions\\\\node_modules\\\\firebase-admin\\\\lib\\\\index.js\"}}"}}
[debug] [2020-10-29T01:00:42.460Z] [runtime-status] [4008] initializeApp(DEFAULT) {"databaseURL":"http://localhost:9000?ns=lista-lugares","storageBucket":"lista-lugares.appspot.com","projectId":"lista-lugares"} {"metadata":{"emulator":{"name":"functions"},"message":"[runtime-status] [4008] initializeApp(DEFAULT) {\"databaseURL\":\"http://localhost:9000?ns=lista-lugares\",\"storageBucket\":\"lista-lugares.appspot.com\",\"projectId\":\"lista-lugares\"}"}}
[info] +  functions[addPlace]: http function initialized (http://localhost:5001/lista-lugares/us-central1/addPlace). {"metadata":{"emulator":{"name":"functions"},"message":"\u001b[1mhttp\u001b[22m function initialized (http://localhost:5001/lista-lugares/us-central1/addPlace)."}}
[debug] [2020-10-29T01:00:42.467Z] >>> HTTP REQUEST PUT http://localhost:9000/.settings/rules.json?ns=lista-lugares  
 {
  /* Visit https://firebase.google.com/docs/database/security to learn more about security rules. */
  "rules": {
    ".read": false,
    ".write": false
  }
}
[debug] [2020-10-29T01:00:42.470Z] [worker-~diagnostic~-843c47db-2807-451a-bcd4-e4ae5f018756]: IDLE {"metadata":{"emulator":{"name":"functions"},"message":"[worker-~diagnostic~-843c47db-2807-451a-bcd4-e4ae5f018756]: IDLE"}}
[debug] [2020-10-29T01:00:43.113Z] <<< HTTP RESPONSE 200 {"content-length":"15","content-type":"application/json; charset=utf-8","access-control-allow-origin":"*","cache-control":"no-cache","x-firebase-project-id":"lista-lugares","x-firebase-project-number":"123456789","x-firebase-uuid":"8f20f2b9-501b-47c6-a108-079380763e1f"}
[info] 
┌───────────────────────────────────────────────────────────────────────┐
│ ✔  All emulators ready! View status and logs at http://localhost:4000 │
└───────────────────────────────────────────────────────────────────────┘

┌───────────┬────────────────┬─────────────────────────────────┐
│ Emulator  │ Host:Port      │ View in Emulator UI             │
├───────────┼────────────────┼─────────────────────────────────┤
│ Functions │ localhost:5001 │ http://localhost:4000/functions │
├───────────┼────────────────┼─────────────────────────────────┤
│ Firestore │ localhost:8080 │ http://localhost:4000/firestore │
├───────────┼────────────────┼─────────────────────────────────┤
│ Database  │ localhost:9000 │ http://localhost:4000/database  │
├───────────┼────────────────┼─────────────────────────────────┤
│ Hosting   │ localhost:5000 │ n/a                             │
└───────────┴────────────────┴─────────────────────────────────┘
  Other reserved ports: 4400, 4500

Issues? Report them at https://github.com/firebase/firebase-tools/issues and attach the *-debug.log files.
 
[debug] [2020-10-29T01:00:50.762Z] [work-queue] {"queueLength":1,"workRunningCount":0}
[debug] [2020-10-29T01:00:50.762Z] [work-queue] {"queueLength":0,"workRunningCount":1}
[debug] [2020-10-29T01:00:50.763Z] Accepted request OPTIONS /lista-lugares/us-central1/addPlace --> addPlace
[debug] [2020-10-29T01:00:51.053Z] [worker-pool] addWorker(addPlace) {"metadata":{"emulator":{"name":"functions"},"message":"[worker-pool] addWorker(addPlace)"}}
[debug] [2020-10-29T01:00:51.054Z] [worker-pool] Adding worker with key addPlace, total=1 {"metadata":{"emulator":{"name":"functions"},"message":"[worker-pool] Adding worker with key addPlace, total=1"}}
[debug] [2020-10-29T01:00:51.054Z] [worker-pool] submitWork(triggerId=addPlace) {"metadata":{"emulator":{"name":"functions"},"message":"[worker-pool] submitWork(triggerId=addPlace)"}}
[debug] [2020-10-29T01:00:51.054Z] [worker-addPlace-567a08e3-5816-48cb-901a-680fda2fd9b2]: Assigning socketPath: \\?\pipe\C:\Users\Maslz\Desktop\Appland\places\functions\16348 {"metadata":{"emulator":{"name":"functions"},"message":"[worker-addPlace-567a08e3-5816-48cb-901a-680fda2fd9b2]: Assigning socketPath: \\\\?\\pipe\\C:\\Users\\Maslz\\Desktop\\Appland\\places\\functions\\16348"}}
[debug] [2020-10-29T01:00:51.054Z] [worker-addPlace-567a08e3-5816-48cb-901a-680fda2fd9b2]: BUSY {"metadata":{"emulator":{"name":"functions"},"message":"[worker-addPlace-567a08e3-5816-48cb-901a-680fda2fd9b2]: BUSY"}}
[debug] [2020-10-29T01:00:51.855Z] [runtime-status] [16348] Functions runtime initialized. {"cwd":"C:\\Users\\Maslz\\Desktop\\Appland\\places\\functions","node_version":"14.9.0"} {"metadata":{"emulator":{"name":"functions"},"function":{"name":"addPlace"},"message":"[runtime-status] [16348] Functions runtime initialized. {\"cwd\":\"C:\\\\Users\\\\Maslz\\\\Desktop\\\\Appland\\\\places\\\\functions\",\"node_version\":\"14.9.0\"}"}}
[debug] [2020-10-29T01:00:51.863Z] [runtime-status] [16348] Disabled runtime features: undefined {"metadata":{"emulator":{"name":"functions"},"function":{"name":"addPlace"},"message":"[runtime-status] [16348] Disabled runtime features: undefined"}}
[debug] [2020-10-29T01:00:51.873Z] [runtime-status] [16348] Resolved module firebase-admin {"declared":true,"installed":true,"version":"8.13.0","resolution":"C:\\Users\\Maslz\\Desktop\\Appland\\places\\functions\\node_modules\\firebase-admin\\lib\\index.js"} {"metadata":{"emulator":{"name":"functions"},"function":{"name":"addPlace"},"message":"[runtime-status] [16348] Resolved module firebase-admin {\"declared\":true,\"installed\":true,\"version\":\"8.13.0\",\"resolution\":\"C:\\\\Users\\\\Maslz\\\\Desktop\\\\Appland\\\\places\\\\functions\\\\node_modules\\\\firebase-admin\\\\lib\\\\index.js\"}"}}
[debug] [2020-10-29T01:00:51.877Z] [runtime-status] [16348] Resolved module firebase-functions {"declared":true,"installed":true,"version":"3.11.0","resolution":"C:\\Users\\Maslz\\Desktop\\Appland\\places\\functions\\node_modules\\firebase-functions\\lib\\index.js"} {"metadata":{"emulator":{"name":"functions"},"function":{"name":"addPlace"},"message":"[runtime-status] [16348] Resolved module firebase-functions {\"declared\":true,\"installed\":true,\"version\":\"3.11.0\",\"resolution\":\"C:\\\\Users\\\\Maslz\\\\Desktop\\\\Appland\\\\places\\\\functions\\\\node_modules\\\\firebase-functions\\\\lib\\\\index.js\"}"}}
[debug] [2020-10-29T01:00:51.880Z] [runtime-status] [16348] Resolved module firebase-functions {"declared":true,"installed":true,"version":"3.11.0","resolution":"C:\\Users\\Maslz\\Desktop\\Appland\\places\\functions\\node_modules\\firebase-functions\\lib\\index.js"} {"metadata":{"emulator":{"name":"functions"},"function":{"name":"addPlace"},"message":"[runtime-status] [16348] Resolved module firebase-functions {\"declared\":true,\"installed\":true,\"version\":\"3.11.0\",\"resolution\":\"C:\\\\Users\\\\Maslz\\\\Desktop\\\\Appland\\\\places\\\\functions\\\\node_modules\\\\firebase-functions\\\\lib\\\\index.js\"}"}}
[debug] [2020-10-29T01:00:51.885Z] [runtime-status] [16348] Outgoing network have been stubbed. [{"name":"http","status":"mocked"},{"name":"http","status":"mocked"},{"name":"https","status":"mocked"},{"name":"https","status":"mocked"},{"name":"net","status":"mocked"}] {"metadata":{"emulator":{"name":"functions"},"function":{"name":"addPlace"},"message":"[runtime-status] [16348] Outgoing network have been stubbed. [{\"name\":\"http\",\"status\":\"mocked\"},{\"name\":\"http\",\"status\":\"mocked\"},{\"name\":\"https\",\"status\":\"mocked\"},{\"name\":\"https\",\"status\":\"mocked\"},{\"name\":\"net\",\"status\":\"mocked\"}]"}}
[debug] [2020-10-29T01:00:51.886Z] [runtime-status] [16348] Resolved module firebase-functions {"declared":true,"installed":true,"version":"3.11.0","resolution":"C:\\Users\\Maslz\\Desktop\\Appland\\places\\functions\\node_modules\\firebase-functions\\lib\\index.js"} {"metadata":{"emulator":{"name":"functions"},"function":{"name":"addPlace"},"message":"[runtime-status] [16348] Resolved module firebase-functions {\"declared\":true,\"installed\":true,\"version\":\"3.11.0\",\"resolution\":\"C:\\\\Users\\\\Maslz\\\\Desktop\\\\Appland\\\\places\\\\functions\\\\node_modules\\\\firebase-functions\\\\lib\\\\index.js\"}"}}
[debug] [2020-10-29T01:00:51.968Z] [runtime-status] [16348] Checked functions.config() {"config":{}} {"metadata":{"emulator":{"name":"functions"},"function":{"name":"addPlace"},"message":"[runtime-status] [16348] Checked functions.config() {\"config\":{}}"}}
[debug] [2020-10-29T01:00:51.969Z] [runtime-status] [16348] firebase-functions has been stubbed. {"functionsResolution":{"declared":true,"installed":true,"version":"3.11.0","resolution":"C:\\Users\\Maslz\\Desktop\\Appland\\places\\functions\\node_modules\\firebase-functions\\lib\\index.js"}} {"metadata":{"emulator":{"name":"functions"},"function":{"name":"addPlace"},"message":"[runtime-status] [16348] firebase-functions has been stubbed. {\"functionsResolution\":{\"declared\":true,\"installed\":true,\"version\":\"3.11.0\",\"resolution\":\"C:\\\\Users\\\\Maslz\\\\Desktop\\\\Appland\\\\places\\\\functions\\\\node_modules\\\\firebase-functions\\\\lib\\\\index.js\"}}"}}
[debug] [2020-10-29T01:00:51.970Z] [runtime-status] [16348] Resolved module firebase-functions {"declared":true,"installed":true,"version":"3.11.0","resolution":"C:\\Users\\Maslz\\Desktop\\Appland\\places\\functions\\node_modules\\firebase-functions\\lib\\index.js"} {"metadata":{"emulator":{"name":"functions"},"function":{"name":"addPlace"},"message":"[runtime-status] [16348] Resolved module firebase-functions {\"declared\":true,\"installed\":true,\"version\":\"3.11.0\",\"resolution\":\"C:\\\\Users\\\\Maslz\\\\Desktop\\\\Appland\\\\places\\\\functions\\\\node_modules\\\\firebase-functions\\\\lib\\\\index.js\"}"}}
[debug] [2020-10-29T01:00:51.972Z] [runtime-status] [16348] Resolved module firebase-admin {"declared":true,"installed":true,"version":"8.13.0","resolution":"C:\\Users\\Maslz\\Desktop\\Appland\\places\\functions\\node_modules\\firebase-admin\\lib\\index.js"} {"metadata":{"emulator":{"name":"functions"},"function":{"name":"addPlace"},"message":"[runtime-status] [16348] Resolved module firebase-admin {\"declared\":true,\"installed\":true,\"version\":\"8.13.0\",\"resolution\":\"C:\\\\Users\\\\Maslz\\\\Desktop\\\\Appland\\\\places\\\\functions\\\\node_modules\\\\firebase-admin\\\\lib\\\\index.js\"}"}}
[debug] [2020-10-29T01:00:51.974Z] [runtime-status] [16348] Resolved module firebase-functions {"declared":true,"installed":true,"version":"3.11.0","resolution":"C:\\Users\\Maslz\\Desktop\\Appland\\places\\functions\\node_modules\\firebase-functions\\lib\\index.js"} {"metadata":{"emulator":{"name":"functions"},"function":{"name":"addPlace"},"message":"[runtime-status] [16348] Resolved module firebase-functions {\"declared\":true,\"installed\":true,\"version\":\"3.11.0\",\"resolution\":\"C:\\\\Users\\\\Maslz\\\\Desktop\\\\Appland\\\\places\\\\functions\\\\node_modules\\\\firebase-functions\\\\lib\\\\index.js\"}"}}
[debug] [2020-10-29T01:00:51.974Z] [runtime-status] [16348] firebase-admin has been stubbed. {"adminResolution":{"declared":true,"installed":true,"version":"8.13.0","resolution":"C:\\Users\\Maslz\\Desktop\\Appland\\places\\functions\\node_modules\\firebase-admin\\lib\\index.js"}} {"metadata":{"emulator":{"name":"functions"},"function":{"name":"addPlace"},"message":"[runtime-status] [16348] firebase-admin has been stubbed. {\"adminResolution\":{\"declared\":true,\"installed\":true,\"version\":\"8.13.0\",\"resolution\":\"C:\\\\Users\\\\Maslz\\\\Desktop\\\\Appland\\\\places\\\\functions\\\\node_modules\\\\firebase-admin\\\\lib\\\\index.js\"}}"}}
[debug] [2020-10-29T01:00:51.979Z] [runtime-status] [16348] initializeApp(DEFAULT) {"databaseURL":"http://localhost:9000?ns=lista-lugares","storageBucket":"lista-lugares.appspot.com","projectId":"lista-lugares"} {"metadata":{"emulator":{"name":"functions"},"function":{"name":"addPlace"},"message":"[runtime-status] [16348] initializeApp(DEFAULT) {\"databaseURL\":\"http://localhost:9000?ns=lista-lugares\",\"storageBucket\":\"lista-lugares.appspot.com\",\"projectId\":\"lista-lugares\"}"}}
[debug] [2020-10-29T01:00:51.982Z] [runtime-status] [16348] Trigger "addPlace" has been found, beginning invocation! {"metadata":{"emulator":{"name":"functions"},"function":{"name":"addPlace"},"message":"[runtime-status] [16348] Trigger \"addPlace\" has been found, beginning invocation!"}}
[info] i  functions: Beginning execution of "addPlace" {"metadata":{"emulator":{"name":"functions"},"function":{"name":"addPlace"},"message":"Beginning execution of \"addPlace\""}}
[debug] [2020-10-29T01:00:51.984Z] [runtime-status] [16348] triggerDefinition {"httpsTrigger":{},"labels":{"deployment-callable":"true"},"name":"addPlace","entryPoint":"addPlace"} {"metadata":{"emulator":{"name":"functions"},"function":{"name":"addPlace"},"message":"[runtime-status] [16348] triggerDefinition {\"httpsTrigger\":{},\"labels\":{\"deployment-callable\":\"true\"},\"name\":\"addPlace\",\"entryPoint\":\"addPlace\"}"}}
[debug] [2020-10-29T01:00:51.986Z] [runtime-status] [16348] Running addPlace in mode HTTPS {"metadata":{"emulator":{"name":"functions"},"function":{"name":"addPlace"},"message":"[runtime-status] [16348] Running addPlace in mode HTTPS"}}
[debug] [2020-10-29T01:00:51.993Z] [runtime-status] [16348] Attempting to listen to socketPath: \\?\pipe\C:\Users\Maslz\Desktop\Appland\places\functions\16348 {"metadata":{"emulator":{"name":"functions"},"function":{"name":"addPlace"},"message":"[runtime-status] [16348] Attempting to listen to socketPath: \\\\?\\pipe\\C:\\Users\\Maslz\\Desktop\\Appland\\places\\functions\\16348"}}
[debug] [2020-10-29T01:00:51.996Z] [functions] Runtime ready! Sending request! {"metadata":{"emulator":{"name":"functions"},"message":"[functions] Runtime ready! Sending request!"}}
[debug] [2020-10-29T01:00:52.010Z] [runtime-status] [16348] Ephemeral server handling OPTIONS request {"metadata":{"emulator":{"name":"functions"},"function":{"name":"addPlace"},"message":"[runtime-status] [16348] Ephemeral server handling OPTIONS request"}}
[debug] [2020-10-29T01:00:52.020Z] [runtime-status] [16348] Ephemeral server survived. {"metadata":{"emulator":{"name":"functions"},"function":{"name":"addPlace"},"message":"[runtime-status] [16348] Ephemeral server survived."}}
[debug] [2020-10-29T01:00:52.024Z] [work-queue] {"queueLength":1,"workRunningCount":1}
[debug] [2020-10-29T01:00:52.024Z] [work-queue] {"queueLength":0,"workRunningCount":2}
[debug] [2020-10-29T01:00:52.024Z] Accepted request POST /lista-lugares/us-central1/addPlace --> addPlace
[debug] [2020-10-29T01:00:52.025Z] ID Token: eyJhbGciOiJSUzI1NiIsImtpZCI6ImQxMGM4ZjhiMGRjN2Y1NWUyYjM1NDFmMjllNWFjMzc0M2Y3N2NjZWUiLCJ0eXAiOiJKV1QifQ.eyJuYW1lIjoiTWFyaW8gU8OhbmNoZXoiLCJwaWN0dXJlIjoiaHR0cHM6Ly9saDYuZ29vZ2xldXNlcmNvbnRlbnQuY29tLy1JN1hIQXYwcENRQS9BQUFBQUFBQUFBSS9BQUFBQUFBQUFBQS9BTVp1dWNuOGl4M1E5VWtEZENpbkV6eldoa3pwbG93ZkNnL3M5Ni1jL3Bob3RvLmpwZyIsImlzcyI6Imh0dHBzOi8vc2VjdXJldG9rZW4uZ29vZ2xlLmNvbS9saXN0YS1sdWdhcmVzIiwiYXVkIjoibGlzdGEtbHVnYXJlcyIsImF1dGhfdGltZSI6MTYwMzkyMjk5OCwidXNlcl9pZCI6Ik1PejdOZDM2RURjMjVnb1VSekNQWlQxT1Z2RzIiLCJzdWIiOiJNT3o3TmQzNkVEYzI1Z29VUnpDUFpUMU9WdkcyIiwiaWF0IjoxNjAzOTMzMTQxLCJleHAiOjE2MDM5MzY3NDEsImVtYWlsIjoiZGV2Lm1hcmlvc2FuY2hlekBnbWFpbC5jb20iLCJlbWFpbF92ZXJpZmllZCI6dHJ1ZSwiZmlyZWJhc2UiOnsiaWRlbnRpdGllcyI6eyJnb29nbGUuY29tIjpbIjEwMjA0NDA4NTYwMjE1NzE5MTE1NiJdLCJlbWFpbCI6WyJkZXYubWFyaW9zYW5jaGV6QGdtYWlsLmNvbSJdfSwic2lnbl9pbl9wcm92aWRlciI6Imdvb2dsZS5jb20ifX0.C0cT4le-QBqkpft9iboXYJkptFbbsbnjdKa54fn8C9bzaaYfkHPJW25XzSfnySGlqjHJ_K3uKk6HUcLDgJTOtcMgWixZsvYUhkTaniWGkFILUFovIETnuke4MNEhEJn9piCV_holwFBnNRW_1kOs3XOgH2G_rNQLmIM_6esQciSSqYPFXPUzxEDjExSFhfVZSDnfoJ7zbUh2JZBrPTmLjh1PEYW1_4alp9pFNrDiFAHds-0FUweS3qcxXtM8cD2sAWTEwYTLPVtmnQlzlW29PyQDqJq9FzN3cxwLWaAdDVcJWzxtxcLJl-4AtGmQPV19cPOFO4xrG2TITWjTt07zOw
[debug] [2020-10-29T01:00:52.309Z] [worker-pool] addWorker(addPlace) {"metadata":{"emulator":{"name":"functions"},"message":"[worker-pool] addWorker(addPlace)"}}
[debug] [2020-10-29T01:00:52.310Z] [worker-pool] Adding worker with key addPlace, total=2 {"metadata":{"emulator":{"name":"functions"},"message":"[worker-pool] Adding worker with key addPlace, total=2"}}
[debug] [2020-10-29T01:00:52.310Z] [worker-pool] submitWork(triggerId=addPlace) {"metadata":{"emulator":{"name":"functions"},"message":"[worker-pool] submitWork(triggerId=addPlace)"}}
[debug] [2020-10-29T01:00:52.310Z] [worker-addPlace-bacb7703-30ef-423b-bdd3-9ee689b32c05]: Assigning socketPath: \\?\pipe\C:\Users\Maslz\Desktop\Appland\places\functions\20788 {"metadata":{"emulator":{"name":"functions"},"message":"[worker-addPlace-bacb7703-30ef-423b-bdd3-9ee689b32c05]: Assigning socketPath: \\\\?\\pipe\\C:\\Users\\Maslz\\Desktop\\Appland\\places\\functions\\20788"}}
[debug] [2020-10-29T01:00:52.310Z] [worker-addPlace-bacb7703-30ef-423b-bdd3-9ee689b32c05]: BUSY {"metadata":{"emulator":{"name":"functions"},"message":"[worker-addPlace-bacb7703-30ef-423b-bdd3-9ee689b32c05]: BUSY"}}
[info] i  functions: Finished "addPlace" in ~1s {"metadata":{"emulator":{"name":"functions"},"function":{"name":"addPlace"},"message":"Finished \"addPlace\" in ~1s"}}
[debug] [2020-10-29T01:00:52.313Z] [worker-addPlace-567a08e3-5816-48cb-901a-680fda2fd9b2]: IDLE {"metadata":{"emulator":{"name":"functions"},"message":"[worker-addPlace-567a08e3-5816-48cb-901a-680fda2fd9b2]: IDLE"}}
[debug] [2020-10-29T01:00:52.313Z] [work-queue] {"queueLength":0,"workRunningCount":1}
[debug] [2020-10-29T01:00:53.026Z] [runtime-status] [20788] Functions runtime initialized. {"cwd":"C:\\Users\\Maslz\\Desktop\\Appland\\places\\functions","node_version":"14.9.0"} {"metadata":{"emulator":{"name":"functions"},"function":{"name":"addPlace"},"message":"[runtime-status] [20788] Functions runtime initialized. {\"cwd\":\"C:\\\\Users\\\\Maslz\\\\Desktop\\\\Appland\\\\places\\\\functions\",\"node_version\":\"14.9.0\"}"}}
[debug] [2020-10-29T01:00:53.033Z] [runtime-status] [20788] Disabled runtime features: undefined {"metadata":{"emulator":{"name":"functions"},"function":{"name":"addPlace"},"message":"[runtime-status] [20788] Disabled runtime features: undefined"}}
[debug] [2020-10-29T01:00:53.041Z] [runtime-status] [20788] Resolved module firebase-admin {"declared":true,"installed":true,"version":"8.13.0","resolution":"C:\\Users\\Maslz\\Desktop\\Appland\\places\\functions\\node_modules\\firebase-admin\\lib\\index.js"} {"metadata":{"emulator":{"name":"functions"},"function":{"name":"addPlace"},"message":"[runtime-status] [20788] Resolved module firebase-admin {\"declared\":true,\"installed\":true,\"version\":\"8.13.0\",\"resolution\":\"C:\\\\Users\\\\Maslz\\\\Desktop\\\\Appland\\\\places\\\\functions\\\\node_modules\\\\firebase-admin\\\\lib\\\\index.js\"}"}}
[debug] [2020-10-29T01:00:53.044Z] [runtime-status] [20788] Resolved module firebase-functions {"declared":true,"installed":true,"version":"3.11.0","resolution":"C:\\Users\\Maslz\\Desktop\\Appland\\places\\functions\\node_modules\\firebase-functions\\lib\\index.js"} {"metadata":{"emulator":{"name":"functions"},"function":{"name":"addPlace"},"message":"[runtime-status] [20788] Resolved module firebase-functions {\"declared\":true,\"installed\":true,\"version\":\"3.11.0\",\"resolution\":\"C:\\\\Users\\\\Maslz\\\\Desktop\\\\Appland\\\\places\\\\functions\\\\node_modules\\\\firebase-functions\\\\lib\\\\index.js\"}"}}
[debug] [2020-10-29T01:00:53.048Z] [runtime-status] [20788] Resolved module firebase-functions {"declared":true,"installed":true,"version":"3.11.0","resolution":"C:\\Users\\Maslz\\Desktop\\Appland\\places\\functions\\node_modules\\firebase-functions\\lib\\index.js"} {"metadata":{"emulator":{"name":"functions"},"function":{"name":"addPlace"},"message":"[runtime-status] [20788] Resolved module firebase-functions {\"declared\":true,\"installed\":true,\"version\":\"3.11.0\",\"resolution\":\"C:\\\\Users\\\\Maslz\\\\Desktop\\\\Appland\\\\places\\\\functions\\\\node_modules\\\\firebase-functions\\\\lib\\\\index.js\"}"}}
[debug] [2020-10-29T01:00:53.050Z] [runtime-status] [20788] Outgoing network have been stubbed. [{"name":"http","status":"mocked"},{"name":"http","status":"mocked"},{"name":"https","status":"mocked"},{"name":"https","status":"mocked"},{"name":"net","status":"mocked"}] {"metadata":{"emulator":{"name":"functions"},"function":{"name":"addPlace"},"message":"[runtime-status] [20788] Outgoing network have been stubbed. [{\"name\":\"http\",\"status\":\"mocked\"},{\"name\":\"http\",\"status\":\"mocked\"},{\"name\":\"https\",\"status\":\"mocked\"},{\"name\":\"https\",\"status\":\"mocked\"},{\"name\":\"net\",\"status\":\"mocked\"}]"}}
[debug] [2020-10-29T01:00:53.053Z] [runtime-status] [20788] Resolved module firebase-functions {"declared":true,"installed":true,"version":"3.11.0","resolution":"C:\\Users\\Maslz\\Desktop\\Appland\\places\\functions\\node_modules\\firebase-functions\\lib\\index.js"} {"metadata":{"emulator":{"name":"functions"},"function":{"name":"addPlace"},"message":"[runtime-status] [20788] Resolved module firebase-functions {\"declared\":true,\"installed\":true,\"version\":\"3.11.0\",\"resolution\":\"C:\\\\Users\\\\Maslz\\\\Desktop\\\\Appland\\\\places\\\\functions\\\\node_modules\\\\firebase-functions\\\\lib\\\\index.js\"}"}}
[debug] [2020-10-29T01:00:53.154Z] [runtime-status] [20788] Checked functions.config() {"config":{}} {"metadata":{"emulator":{"name":"functions"},"function":{"name":"addPlace"},"message":"[runtime-status] [20788] Checked functions.config() {\"config\":{}}"}}
[debug] [2020-10-29T01:00:53.154Z] [runtime-status] [20788] firebase-functions has been stubbed. {"functionsResolution":{"declared":true,"installed":true,"version":"3.11.0","resolution":"C:\\Users\\Maslz\\Desktop\\Appland\\places\\functions\\node_modules\\firebase-functions\\lib\\index.js"}} {"metadata":{"emulator":{"name":"functions"},"function":{"name":"addPlace"},"message":"[runtime-status] [20788] firebase-functions has been stubbed. {\"functionsResolution\":{\"declared\":true,\"installed\":true,\"version\":\"3.11.0\",\"resolution\":\"C:\\\\Users\\\\Maslz\\\\Desktop\\\\Appland\\\\places\\\\functions\\\\node_modules\\\\firebase-functions\\\\lib\\\\index.js\"}}"}}
[debug] [2020-10-29T01:00:53.155Z] [runtime-status] [20788] Resolved module firebase-functions {"declared":true,"installed":true,"version":"3.11.0","resolution":"C:\\Users\\Maslz\\Desktop\\Appland\\places\\functions\\node_modules\\firebase-functions\\lib\\index.js"} {"metadata":{"emulator":{"name":"functions"},"function":{"name":"addPlace"},"message":"[runtime-status] [20788] Resolved module firebase-functions {\"declared\":true,\"installed\":true,\"version\":\"3.11.0\",\"resolution\":\"C:\\\\Users\\\\Maslz\\\\Desktop\\\\Appland\\\\places\\\\functions\\\\node_modules\\\\firebase-functions\\\\lib\\\\index.js\"}"}}
[debug] [2020-10-29T01:00:53.157Z] [runtime-status] [20788] Resolved module firebase-admin {"declared":true,"installed":true,"version":"8.13.0","resolution":"C:\\Users\\Maslz\\Desktop\\Appland\\places\\functions\\node_modules\\firebase-admin\\lib\\index.js"} {"metadata":{"emulator":{"name":"functions"},"function":{"name":"addPlace"},"message":"[runtime-status] [20788] Resolved module firebase-admin {\"declared\":true,\"installed\":true,\"version\":\"8.13.0\",\"resolution\":\"C:\\\\Users\\\\Maslz\\\\Desktop\\\\Appland\\\\places\\\\functions\\\\node_modules\\\\firebase-admin\\\\lib\\\\index.js\"}"}}
[debug] [2020-10-29T01:00:53.159Z] [runtime-status] [20788] Resolved module firebase-functions {"declared":true,"installed":true,"version":"3.11.0","resolution":"C:\\Users\\Maslz\\Desktop\\Appland\\places\\functions\\node_modules\\firebase-functions\\lib\\index.js"} {"metadata":{"emulator":{"name":"functions"},"function":{"name":"addPlace"},"message":"[runtime-status] [20788] Resolved module firebase-functions {\"declared\":true,\"installed\":true,\"version\":\"3.11.0\",\"resolution\":\"C:\\\\Users\\\\Maslz\\\\Desktop\\\\Appland\\\\places\\\\functions\\\\node_modules\\\\firebase-functions\\\\lib\\\\index.js\"}"}}
[debug] [2020-10-29T01:00:53.159Z] [runtime-status] [20788] firebase-admin has been stubbed. {"adminResolution":{"declared":true,"installed":true,"version":"8.13.0","resolution":"C:\\Users\\Maslz\\Desktop\\Appland\\places\\functions\\node_modules\\firebase-admin\\lib\\index.js"}} {"metadata":{"emulator":{"name":"functions"},"function":{"name":"addPlace"},"message":"[runtime-status] [20788] firebase-admin has been stubbed. {\"adminResolution\":{\"declared\":true,\"installed\":true,\"version\":\"8.13.0\",\"resolution\":\"C:\\\\Users\\\\Maslz\\\\Desktop\\\\Appland\\\\places\\\\functions\\\\node_modules\\\\firebase-admin\\\\lib\\\\index.js\"}}"}}
[debug] [2020-10-29T01:00:53.163Z] [runtime-status] [20788] initializeApp(DEFAULT) {"databaseURL":"http://localhost:9000?ns=lista-lugares","storageBucket":"lista-lugares.appspot.com","projectId":"lista-lugares"} {"metadata":{"emulator":{"name":"functions"},"function":{"name":"addPlace"},"message":"[runtime-status] [20788] initializeApp(DEFAULT) {\"databaseURL\":\"http://localhost:9000?ns=lista-lugares\",\"storageBucket\":\"lista-lugares.appspot.com\",\"projectId\":\"lista-lugares\"}"}}
[debug] [2020-10-29T01:00:53.165Z] [runtime-status] [20788] Trigger "addPlace" has been found, beginning invocation! {"metadata":{"emulator":{"name":"functions"},"function":{"name":"addPlace"},"message":"[runtime-status] [20788] Trigger \"addPlace\" has been found, beginning invocation!"}}
[info] i  functions: Beginning execution of "addPlace" {"metadata":{"emulator":{"name":"functions"},"function":{"name":"addPlace"},"message":"Beginning execution of \"addPlace\""}}
[debug] [2020-10-29T01:00:53.167Z] [runtime-status] [20788] triggerDefinition {"httpsTrigger":{},"labels":{"deployment-callable":"true"},"name":"addPlace","entryPoint":"addPlace"} {"metadata":{"emulator":{"name":"functions"},"function":{"name":"addPlace"},"message":"[runtime-status] [20788] triggerDefinition {\"httpsTrigger\":{},\"labels\":{\"deployment-callable\":\"true\"},\"name\":\"addPlace\",\"entryPoint\":\"addPlace\"}"}}
[debug] [2020-10-29T01:00:53.168Z] [runtime-status] [20788] Running addPlace in mode HTTPS {"metadata":{"emulator":{"name":"functions"},"function":{"name":"addPlace"},"message":"[runtime-status] [20788] Running addPlace in mode HTTPS"}}
[debug] [2020-10-29T01:00:53.175Z] [runtime-status] [20788] Attempting to listen to socketPath: \\?\pipe\C:\Users\Maslz\Desktop\Appland\places\functions\20788 {"metadata":{"emulator":{"name":"functions"},"function":{"name":"addPlace"},"message":"[runtime-status] [20788] Attempting to listen to socketPath: \\\\?\\pipe\\C:\\Users\\Maslz\\Desktop\\Appland\\places\\functions\\20788"}}
[debug] [2020-10-29T01:00:53.178Z] [functions] Runtime ready! Sending request! {"metadata":{"emulator":{"name":"functions"},"message":"[functions] Runtime ready! Sending request!"}}
[debug] [2020-10-29T01:00:53.204Z] [runtime-status] [20788] Ephemeral server handling POST request {"metadata":{"emulator":{"name":"functions"},"function":{"name":"addPlace"},"message":"[runtime-status] [20788] Ephemeral server handling POST request"}}
[debug] [2020-10-29T01:00:53.207Z] [runtime-status] [20788] Callable functions auth override {"key":"x-callable-context-auth","value":"%7B%22uid%22%3A%22MOz7Nd36EDc25goURzCPZT1OVvG2%22%2C%22token%22%3A%7B%22name%22%3A%22Mario%20S%C3%A1nchez%22%2C%22picture%22%3A%22https%3A%2F%2Flh6.googleusercontent.com%2F-I7XHAv0pCQA%2FAAAAAAAAAAI%2FAAAAAAAAAAA%2FAMZuucn8ix3Q9UkDdCinEzzWhkzplowfCg%2Fs96-c%2Fphoto.jpg%22%2C%22iss%22%3A%22https%3A%2F%2Fsecuretoken.google.com%2Flista-lugares%22%2C%22aud%22%3A%22lista-lugares%22%2C%22auth_time%22%3A1603922998%2C%22user_id%22%3A%22MOz7Nd36EDc25goURzCPZT1OVvG2%22%2C%22sub%22%3A%22MOz7Nd36EDc25goURzCPZT1OVvG2%22%2C%22iat%22%3A1603933141%2C%22exp%22%3A1603936741%2C%22email%22%3A%22dev.mariosanchez%40gmail.com%22%2C%22email_verified%22%3Atrue%2C%22firebase%22%3A%7B%22identities%22%3A%7B%22google.com%22%3A%5B%22102044085602157191156%22%5D%2C%22email%22%3A%5B%22dev.mariosanchez%40gmail.com%22%5D%7D%2C%22sign_in_provider%22%3A%22google.com%22%7D%2C%22uid%22%3A%22MOz7Nd36EDc25goURzCPZT1OVvG2%22%7D%7D"} {"metadata":{"emulator":{"name":"functions"},"function":{"name":"addPlace"},"message":"[runtime-status] [20788] Callable functions auth override {\"key\":\"x-callable-context-auth\",\"value\":\"%7B%22uid%22%3A%22MOz7Nd36EDc25goURzCPZT1OVvG2%22%2C%22token%22%3A%7B%22name%22%3A%22Mario%20S%C3%A1nchez%22%2C%22picture%22%3A%22https%3A%2F%2Flh6.googleusercontent.com%2F-I7XHAv0pCQA%2FAAAAAAAAAAI%2FAAAAAAAAAAA%2FAMZuucn8ix3Q9UkDdCinEzzWhkzplowfCg%2Fs96-c%2Fphoto.jpg%22%2C%22iss%22%3A%22https%3A%2F%2Fsecuretoken.google.com%2Flista-lugares%22%2C%22aud%22%3A%22lista-lugares%22%2C%22auth_time%22%3A1603922998%2C%22user_id%22%3A%22MOz7Nd36EDc25goURzCPZT1OVvG2%22%2C%22sub%22%3A%22MOz7Nd36EDc25goURzCPZT1OVvG2%22%2C%22iat%22%3A1603933141%2C%22exp%22%3A1603936741%2C%22email%22%3A%22dev.mariosanchez%40gmail.com%22%2C%22email_verified%22%3Atrue%2C%22firebase%22%3A%7B%22identities%22%3A%7B%22google.com%22%3A%5B%22102044085602157191156%22%5D%2C%22email%22%3A%5B%22dev.mariosanchez%40gmail.com%22%5D%7D%2C%22sign_in_provider%22%3A%22google.com%22%7D%2C%22uid%22%3A%22MOz7Nd36EDc25goURzCPZT1OVvG2%22%7D%7D\"}"}}
[info] >  Hello there {"user":"Hello there","metadata":{"emulator":{"name":"functions"},"function":{"name":"addPlace"},"message":"\u001b[90m> \u001b[39m Hello there"}}
[info] >  General Kenobi {"user":"General Kenobi","metadata":{"emulator":{"name":"functions"},"function":{"name":"addPlace"},"message":"\u001b[90m> \u001b[39m General Kenobi"}}
[debug] [2020-10-29T01:00:53.217Z] [runtime-status] [20788] Ephemeral server survived. {"metadata":{"emulator":{"name":"functions"},"function":{"name":"addPlace"},"message":"[runtime-status] [20788] Ephemeral server survived."}}
[info] i  functions: Finished "addPlace" in ~1s {"metadata":{"emulator":{"name":"functions"},"function":{"name":"addPlace"},"message":"Finished \"addPlace\" in ~1s"}}
[debug] [2020-10-29T01:00:53.225Z] [worker-addPlace-bacb7703-30ef-423b-bdd3-9ee689b32c05]: IDLE {"metadata":{"emulator":{"name":"functions"},"message":"[worker-addPlace-bacb7703-30ef-423b-bdd3-9ee689b32c05]: IDLE"}}
[debug] [2020-10-29T01:00:53.226Z] [work-queue] {"queueLength":0,"workRunningCount":0}
